
--- Job Balmorel Scenarios.gms Start 09/08/16 00:24:53 24.4.6 r52609 WEX-WEI x86 64bit/MS Windows
GAMS 24.4.6   Copyright (C) 1987-2015 GAMS Development. All rights reserved
Licensee: Management Engineering                         A150702:1318AO-GEN
          Technical University of Denmark                            DC8611
          License for teaching and research at degree granting institutions
--- Starting compilation
--- Balmorel Scenarios.gms(4) 2 Mb
--- .Balmorel.gms(38) 2 Mb
--- ..balgams.opt(138) 2 Mb
--- .Balmorel.gms(45) 2 Mb
--- ..balopt.opt(485) 2 Mb
--- .Balmorel.gms(142) 2 Mb
--- ..../../base/data/CCCRRRAAA.inc(763) 3 Mb
--- .Balmorel.gms(147) 3 Mb
--- ..../../base/data/CCC.inc(14) 3 Mb
--- .Balmorel.gms(152) 3 Mb
--- ..../../base/data/RRR.inc(136) 3 Mb
--- .Balmorel.gms(157) 3 Mb
--- ..../../base/data/AAA.inc(615) 3 Mb
--- .Balmorel.gms(162) 3 Mb
--- ..../../base/data/CCCRRR.inc(136) 3 Mb
--- .Balmorel.gms(167) 3 Mb
--- ..../../base/data/RRRAAA.inc(613) 3 Mb
--- .Balmorel.gms(176) 3 Mb
--- ..../../base/data/YYY.inc(59) 3 Mb
--- .Balmorel.gms(181) 3 Mb
--- ..../../base/data/SSS.inc(55) 3 Mb
--- .Balmorel.gms(186) 3 Mb
--- ..../../base/data/TTT.inc(171) 3 Mb
--- .Balmorel.gms(191) 3 Mb
--- ..../../base/data/GGG.inc(1286) 3 Mb
--- .Balmorel.gms(196) 3 Mb
--- ..../../base/data/GDATASET.inc(50) 3 Mb
--- .Balmorel.gms(201) 3 Mb
--- ..../../base/data/FFF.inc(51) 3 Mb
--- .Balmorel.gms(207) 3 Mb
--- ..../../base/data/FFFACRONYM.inc(48) 3 Mb
--- .Balmorel.gms(212) 3 Mb
--- ..../../base/data/FDATASET.inc(10) 3 Mb
--- .Balmorel.gms(217) 3 Mb
--- ..../../base/data/HYRSDATASET.inc(6) 3 Mb
--- .Balmorel.gms(222) 3 Mb
--- ..../../base/data/DF_QP.inc(5) 3 Mb
--- .Balmorel.gms(227) 3 Mb
--- ..../../base/data/DEF.inc(51) 3 Mb
--- .Balmorel.gms(232) 3 Mb
--- ..../../base/data/DEF_D1.inc(3) 3 Mb
--- .Balmorel.gms(237) 3 Mb
--- ..../../base/data/DEF_U1.inc(3) 3 Mb
--- .Balmorel.gms(242) 3 Mb
--- ..../../base/data/DEF_D2.inc(4) 3 Mb
--- .Balmorel.gms(247) 3 Mb
--- ..../../base/data/DEF_U2.inc(3) 3 Mb
--- .Balmorel.gms(252) 3 Mb
--- ..../../base/data/DEF_D3.inc(3) 3 Mb
--- .Balmorel.gms(257) 3 Mb
--- ..../../base/data/DEF_U3.inc(3) 3 Mb
--- .Balmorel.gms(262) 3 Mb
--- ..../../base/data/DHF.inc(21) 3 Mb
--- .Balmorel.gms(267) 3 Mb
--- ..../../base/data/DHF_D1.inc(4) 3 Mb
--- .Balmorel.gms(272) 3 Mb
--- ..../../base/data/DHF_U1.inc(4) 3 Mb
--- .Balmorel.gms(277) 3 Mb
--- ..../../base/data/DHF_D2.inc(4) 3 Mb
--- .Balmorel.gms(282) 3 Mb
--- ..../../base/data/DHF_U2.inc(4) 3 Mb
--- .Balmorel.gms(287) 3 Mb
--- ..../../base/data/DHF_D3.inc(4) 3 Mb
--- .Balmorel.gms(292) 3 Mb
--- ..../../base/data/DHF_U3.inc(4) 3 Mb
--- .Balmorel.gms(297) 3 Mb
--- ..../../base/data/MPOLSET.inc(9) 3 Mb
--- .Balmorel.gms(302) 3 Mb
--- ..../../base/data/C.inc(15) 3 Mb
--- .Balmorel.gms(307) 3 Mb
--- ..../../base/data/G.inc(1286) 3 Mb
--- .Balmorel.gms(311) 3 Mb
--- ..../data/AGKN.inc(742) 4 Mb
--- .Balmorel.gms(316) 4 Mb
--- ..../data/Y.inc(4) 4 Mb
--- .Balmorel.gms(322) 4 Mb
--- ..../../base/data/S.inc(5) 4 Mb
--- .Balmorel.gms(327) 4 Mb
--- ..../../base/data/T.inc(4) 4 Mb
--- .Balmorel.gms(337) 4 Mb
--- ..../../base/data/TWORKDAY.inc(123) 4 Mb
--- .Balmorel.gms(342) 4 Mb
--- ..../../base/data/TWEEKEND.inc(51) 4 Mb
--- .Balmorel.gms(436) 4 Mb
--- ..setdeclare.inc(4) 4 Mb
--- ...../../base/addons/combtech/combtech_setdeclare.inc(5) 4 Mb
--- ..setdeclare.inc(4) 4 Mb
--- .Balmorel.gms(437) 4 Mb
--- ..setdefine.inc(4) 4 Mb
--- ...../../base/addons/combtech/combtech_setdefine.inc(4) 4 Mb
--- ....../../base/data/GGCOMB.inc(173) 4 Mb
--- ...../../base/addons/combtech/combtech_setdefine.inc(4) 4 Mb

--- .Balmorel.gms(445) 4 Mb
--- ..../../base/data/AIND.inc(33) 4 Mb
--- .Balmorel.gms(451) 4 Mb
--- ..../../base/data/AAAOFFSHORE.inc(201) 4 Mb
--- .Balmorel.gms(457) 4 Mb
--- ..../../base/data/ENSOFFSHORE.inc(13) 4 Mb
--- .Balmorel.gms(463) 4 Mb
--- ..../../base/data/RETRANS.inc(30) 4 Mb
--- .Balmorel.gms(469) 4 Mb
--- ..../../base/data/ABF.inc(8) 4 Mb
--- .Balmorel.gms(475) 4 Mb
--- ..../../base/data/RBF.inc(6) 4 Mb
--- .Balmorel.gms(568) 4 Mb
--- ..../../base/data/gdata.inc(4) 4 Mb
--- call =xls2gms r=A1:AE1300 I="..\..\base\data\GDATA.xlsx" O="..\..\base\data\GDATAout.inc"
--- ..../../base/data/gdata.inc(6) 4 Mb
--- ...GDATAout.inc(1311) 4 Mb
--- ..../../base/data/gdata.inc(40) 4 Mb
--- .Balmorel.gms(572) 4 Mb
--- ..../data/RAMPUP.inc(9) 4 Mb
--- .Balmorel.gms(577) 4 Mb
--- ..../data/RAMPDOWN.inc(10) 4 Mb
--- .Balmorel.gms(621) 4 Mb
--- ..../../base/addons/hydrogen/H2g.inc(11) 4 Mb
--- .Balmorel.gms(773) 4 Mb
--- ..isetdeclare.inc(4) 4 Mb
--- .Balmorel.gms(774) 4 Mb
--- ..isetdefine.inc(4) 4 Mb
--- .Balmorel.gms(775) 4 Mb
--- ..isetdecdef.inc(3) 4 Mb
--- ...../../base/addons/combtech/combtech_isetdecdef.inc(10) 4 Mb
--- ..isetdecdef.inc(5) 4 Mb
--- .Balmorel.gms(783) 4 Mb
--- ..../../base/addons/hydrogen/H2Gassign.inc(16) 4 Mb
--- .Balmorel.gms(815) 4 Mb
--- ..../data/gkfx.inc(3134) 4 Mb
--- .Balmorel.gms(954) 4 Mb
--- ..../../base/data/YVALUE.inc(59) 4 Mb
--- .Balmorel.gms(959) 4 Mb
--- ..../../base/data/FDATA.inc(254) 4 Mb
--- .Balmorel.gms(972) 4 Mb
--- ..../../base/data/FMAXINVEST.inc(4) 4 Mb
--- .Balmorel.gms(977) 4 Mb
--- ..../../base/data/GROWTHCAP.inc(3) 4 Mb
--- .Balmorel.gms(983) 4 Mb
--- ..../../base/data/DISLOSS_E.inc(141) 4 Mb
--- .Balmorel.gms(988) 4 Mb
--- ..../../base/data/DISLOSS_H.inc(501) 4 Mb
--- .Balmorel.gms(993) 4 Mb
--- ..../../base/data/DISCOST_E.inc(136) 4 Mb
--- .Balmorel.gms(998) 4 Mb
--- ..../../base/data/DISCOST_H.inc(497) 4 Mb
--- .Balmorel.gms(1003) 4 Mb
--- ..../../base/data/FKPOT.inc(3) 4 Mb
--- .Balmorel.gms(1009) 4 Mb
--- ..../../base/data/FGEMIN.inc(4) 4 Mb
--- .Balmorel.gms(1014) 4 Mb
--- ..../../base/data/FGEMAX.inc(4) 4 Mb
--- .Balmorel.gms(1019) 4 Mb
--- ..../data/GMINF.inc(3) 4 Mb
--- .Balmorel.gms(1025) 4 Mb
--- ..../data/GMAXF.inc(458) 4 Mb
--- .Balmorel.gms(1031) 4 Mb
--- ..../data/GMAXFCOMB.inc(45) 4 Mb
--- .Balmorel.gms(1037) 4 Mb
--- ..../data/GEQF.inc(129) 4 Mb
--- .Balmorel.gms(1045) 4 Mb
--- ..../../base/data/GEQF_FLEX.inc(98) 4 Mb
--- .Balmorel.gms(1052) 4 Mb
--- ..../../base/data/GKNMAX.inc(4) 4 Mb
--- .Balmorel.gms(1058) 4 Mb
--- ..../../base/data/WTRRSFLH.inc(501) 4 Mb
--- .Balmorel.gms(1063) 4 Mb
--- ..../../base/data/WTRRRFLH.inc(502) 4 Mb
--- .Balmorel.gms(1068) 4 Mb
--- ..../../base/data/WNDFLH.inc(125) 5 Mb
--- .Balmorel.gms(1073) 5 Mb
--- ..../../base/data/SOLEFLH.inc(178) 5 Mb
--- .Balmorel.gms(1079) 5 Mb
--- ..../../base/data/SOLHFLH.inc(29) 5 Mb
--- .Balmorel.gms(1084) 5 Mb
--- ..../../base/data/WAVEFLH.inc(497) 5 Mb
--- .Balmorel.gms(1089) 5 Mb
--- ..../../base/data/HYRSDATA.inc(6) 5 Mb
--- .Balmorel.gms(1094) 5 Mb
--- ..../../base/data/TAX_GF.inc(88502) 5 Mb
--- .Balmorel.gms(1099) 5 Mb
--- ..../../base/data/TAX_GE.inc(464304) 5 Mb
--- .Balmorel.gms(1104) 5 Mb
--- ..../../base/data/TAX_GH.inc(14969) 5 Mb
--- .Balmorel.gms(1109) 5 Mb
--- ..../../base/data/TAX_KN.inc(7) 5 Mb
--- .Balmorel.gms(1114) 5 Mb
--- ..../../base/data/TAX_F.inc(3) 5 Mb
--- .Balmorel.gms(1119) 5 Mb
--- ..../../base/data/TAX_DE.inc(14) 5 Mb
--- .Balmorel.gms(1124) 5 Mb
--- ..../../base/data/TAX_DH.inc(14) 5 Mb
--- .Balmorel.gms(1131) 5 Mb
--- ..../../base/data/ANNUITYC.inc(14) 5 Mb
--- .Balmorel.gms(1136) 5 Mb
--- ..../../base/data/GINVCOST.inc(988) 5 Mb
--- .Balmorel.gms(1141) 5 Mb
--- ..../../base/data/GOMVCOST.inc(1392) 5 Mb
--- .Balmorel.gms(1146) 5 Mb
--- ..../../base/data/GOMFCOST.inc(600) 5 Mb
--- .Balmorel.gms(1151) 5 Mb
--- ..../../base/data/GEFFRATE.inc(8) 5 Mb
--- .Balmorel.gms(1157) 5 Mb
--- ..../../base/data/DEFP_BASE.inc(136) 5 Mb
--- .Balmorel.gms(1162) 5 Mb
--- ..../../base/data/DHFP_BASE.inc(535) 5 Mb
--- .Balmorel.gms(1176) 5 Mb
--- ..../data/de.inc(317) 5 Mb
--- .Balmorel.gms(1185) 5 Mb
--- ..../data/dh.inc(268) 5 Mb
--- .Balmorel.gms(1197) 5 Mb
--- ..../../base/data/XKINI.inc(1374) 5 Mb
--- .Balmorel.gms(1202) 5 Mb
--- ..../../base/data/XINVCOST.inc(39) 5 Mb
--- .Balmorel.gms(1207) 5 Mb
--- ..../../base/data/XLIFETIME.inc(40) 5 Mb
--- .Balmorel.gms(1212) 5 Mb
--- ..../../base/data/XCOST.inc(383) 5 Mb
--- .Balmorel.gms(1217) 5 Mb
--- ..../../base/data/XLOSS.inc(17563) 5 Mb
--- .Balmorel.gms(1223) 5 Mb
--- ..../../base/data/XKRATE.inc(8) 5 Mb
--- .Balmorel.gms(1227) 5 Mb
--- ..../data/XMAXINV.inc(352) 5 Mb
--- .Balmorel.gms(1237) 5 Mb
--- ..../../base/data/X3FX.inc(3) 5 Mb
--- .Balmorel.gms(1284) 5 Mb
--- ..../../base/data/FUELPRICE.inc(350) 5 Mb
--- .Balmorel.gms(1294) 5 Mb
--- ..../../base/data/m_pol.inc(2305) 5 Mb
--- .Balmorel.gms(1306) 5 Mb
--- ..../../base/data/WEIGHT_S.inc(55) 5 Mb
--- .Balmorel.gms(1311) 5 Mb
--- ..../../base/data/WEIGHT_T.inc(171) 5 Mb
--- .Balmorel.gms(1318) 5 Mb
--- ..../../base/data/GKRATE.inc(6) 5 Mb
--- .Balmorel.gms(1326) 5 Mb
--- ..../../base/data/DE_VAR_T.inc(69954) 7 Mb
--- .Balmorel.gms(1333) 7 Mb
--- ..../../base/data/DH_VAR_T.inc(139968) 13 Mb
--- .Balmorel.gms(1338) 13 Mb
--- ..../../base/data/WTRRSVAR_S.inc(41) 13 Mb
--- .Balmorel.gms(1343) 13 Mb
--- ..../../base/data/WTRRRVAR_T.inc(131046) 15 Mb
--- .Balmorel.gms(1348) 15 Mb
--- ..../../base/data/WND_VAR_T.inc(201049) 22 Mb
--- .Balmorel.gms(1353) 22 Mb
--- ..../../base/data/SOLE_VAR_T.inc(113596) 25 Mb
--- .Balmorel.gms(1358) 25 Mb
--- ..../../base/data/SOLH_VAR_T.inc(39) 25 Mb
--- .Balmorel.gms(1363) 25 Mb
--- ..../../base/data/WAVE_VAR_T.inc(13) 25 Mb
--- .Balmorel.gms(1368) 25 Mb
--- ..../../base/data/X3FX_VAR_T.inc(8753) 26 Mb
--- .Balmorel.gms(1374) 26 Mb
--- ..../../base/data/HYPPROFILS.inc(22515) 26 Mb
--- .Balmorel.gms(1379) 26 Mb
--- ..../../base/data/DEF_STEPS.inc(25) 26 Mb
--- .Balmorel.gms(1389) 26 Mb
--- ..../../base/data/DHF_STEPS.inc(3) 26 Mb
--- .Balmorel.gms(1442) 26 Mb
--- ..../../base/data/OMONEY.inc(2) 26 Mb
--- .Balmorel.gms(1458) 26 Mb
--- ..../addons/Hydrogen/H2data.inc(2) 26 Mb
--- ...../addons/Hydrogen/DH2.inc(188) 26 Mb
--- ..../addons/Hydrogen/H2data.inc(8) 26 Mb
--- ...../addons/Hydrogen/DH2_VAR_T.inc(5171) 26 Mb
--- ..../addons/Hydrogen/H2data.inc(24) 26 Mb
--- .Balmorel.gms(1476) 26 Mb
--- ..../../base/data/PENALTYQ.inc(1) 26 Mb
--- .Balmorel.gms(1487) 26 Mb
--- ..../data/INSCAPSOLE.inc(50) 26 Mb
--- .Balmorel.gms(1497) 26 Mb
--- ..../../base/data/INSCAPSOLH.inc(34) 26 Mb
--- .Balmorel.gms(1506) 26 Mb
--- ..../data/IGWNDON.inc(31) 26 Mb
--- .Balmorel.gms(1511) 26 Mb
--- ..../data/INSCAPWINDON.inc(34) 26 Mb
--- .Balmorel.gms(1520) 26 Mb
--- ..../data/IGWNDOFF.inc(19) 26 Mb
--- .Balmorel.gms(1525) 26 Mb
--- ..../data/INSCAPWINDOFF.inc(32) 26 Mb
--- .Balmorel.gms(1576) 26 Mb
--- ..../../base/logerror/logerinc/error1.inc(45) 26 Mb
--- .Balmorel.gms(1887) 26 Mb
--- ..../../base/addons/Hydrogen/H2InternalParameters.inc(4) 26 Mb
--- .Balmorel.gms(1907) 26 Mb
--- ..../../base/output/printout/printinc/print1.inc(230) 26 Mb
--- .Balmorel.gms(1910) 26 Mb
--- ..../../base/output/printout/printinc/inputout.inc(2327) 26 Mb
--- .Balmorel.gms(2106) 27 Mb
--- ..../../base/addons/Hydrogen/H2variables.inc(9) 27 Mb
--- .Balmorel.gms(2443) 27 Mb
--- ..../../base/addons/Hydrogen/H2costs.inc(53) 27 Mb
--- .Balmorel.gms(3174) 27 Mb
--- ..eqndeclare.inc(4) 27 Mb
--- .Balmorel.gms(3175) 27 Mb
--- ..eqndefine.inc(4) 27 Mb
--- .Balmorel.gms(3176) 27 Mb
--- ..eqndecdef.inc(5) 27 Mb
--- ...combtech_eqndecdef.inc(262) 27 Mb
--- ..eqndecdef.inc(9) 27 Mb
--- .Balmorel.gms(3205) 27 Mb
--- ..../../base/addons/Hydrogen/H2equations.inc(150) 27 Mb
--- .Balmorel.gms(3312) 27 Mb
--- ..balbase1.inc(10) 27 Mb
--- .Balmorel.gms(3320) 27 Mb
--- ..../../base/addons/Hydrogen/H2bb1.inc(11) 27 Mb
--- .Balmorel.gms(3439) 27 Mb
--- ..balbase2.inc(5) 27 Mb
--- ...../../base/addons/combtech/combtech_balbase2.inc(36) 27 Mb
--- ..balbase2.inc(10) 27 Mb
--- .Balmorel.gms(3450) 27 Mb
--- ..../../base/addons/Hydrogen/H2bb1.inc(11) 27 Mb
--- .Balmorel.gms(3486) 27 Mb
--- ..balbase3.inc(3) 27 Mb
--- .Balmorel.gms(3489) 27 Mb
--- ..../../base/addons/Hydrogen/H2bb3.inc(9) 27 Mb
--- .Balmorel.gms(3516) 27 Mb
--- ..../../base/logerror/logerinc/error2.inc(1104) 27 Mb
--- .Balmorel.gms(3519) 27 Mb
--- ..../../base/addons/_hooks/error2.inc(4) 27 Mb
--- ...combtech_error2.inc(151) 27 Mb
--- ..../../base/addons/_hooks/error2.inc(6) 27 Mb
--- .Balmorel.gms(3526) 27 Mb
--- ..../../base/output/printout/printinc/print2.inc(776) 27 Mb
--- .Balmorel.gms(3540) 27 Mb
--- ..bb123.sim(191) 27 Mb
--- ...../../base/addons/combtech/combSIM.inc(20) 27 Mb
--- ..bb123.sim(494) 27 Mb
--- ...../../base/addons/Hydrogen/H2AnnualUpdate.inc(8) 27 Mb
--- ..bb123.sim(536) 27 Mb
--- ...../../base/logerror/logerinc/error3.inc(112) 27 Mb
--- ..bb123.sim(635) 27 Mb
--- ...../../base/logerror/logerinc/balbase2.mss(92) 27 Mb
--- ..bb123.sim(692) 27 Mb
--- ...../../base/addons/Hydrogen/H2Sim.inc(5) 27 Mb
--- ..bb123.sim(696) 27 Mb
--- ...../../base/logerror/logerinc/error4.inc(274) 27 Mb
--- ..bb123.sim(700) 27 Mb
--- ...../../base/output/printout/printinc/prt3-bb1.inc(22) 27 Mb
--- ....../../base/output/printout/printinc/prt3-bb2.inc(784) 27 Mb
--- ...../../base/output/printout/printinc/prt3-bb1.inc(24) 27 Mb
--- ..bb123.sim(710) 27 Mb
--- ...../../base/output/printout/printinc/prt4-bb2.inc(32) 27 Mb
--- ....../../base/output/printout/printinc/bal_1.inc(59) 27 Mb
--- ...../../base/output/printout/printinc/prt4-bb2.inc(40) 27 Mb
--- ....../../base/output/printout/printinc/eg_cy.inc(72) 27 Mb
--- ...../../base/output/printout/printinc/prt4-bb2.inc(42) 27 Mb
--- ....../../base/output/printout/printinc/ego_cy.inc(66) 27 Mb
--- ...../../base/output/printout/printinc/prt4-bb2.inc(43) 27 Mb
--- ....../../base/output/printout/printinc/egn_cy.inc(85) 27 Mb
--- ...../../base/output/printout/printinc/prt4-bb2.inc(44) 27 Mb
--- ....../../base/output/printout/printinc/ezgo_cy.inc(43) 27 Mb
--- ...../../base/output/printout/printinc/prt4-bb2.inc(45) 27 Mb
--- ....../../base/output/printout/printinc/ezgn_cy.inc(46) 27 Mb
--- ...../../base/output/printout/printinc/prt4-bb2.inc(46) 27 Mb
--- ....../../base/output/printout/printinc/eg_gat.inc(104) 27 Mb
--- ...../../base/output/printout/printinc/prt4-bb2.inc(49) 27 Mb
--- ....../../base/output/printout/printinc/esto_at.inc(96) 27 Mb
--- ...../../base/output/printout/printinc/prt4-bb2.inc(50) 27 Mb
--- ....../../base/output/printout/printinc/esto2_at.inc(46) 27 Mb
--- ...../../base/output/printout/printinc/prt4-bb2.inc(54) 27 Mb
--- ....../../base/output/printout/printinc/hg_cy.inc(90) 27 Mb
--- ...../../base/output/printout/printinc/prt4-bb2.inc(55) 27 Mb
--- ....../../base/output/printout/printinc/hgo_cy.inc(51) 27 Mb
--- ...../../base/output/printout/printinc/prt4-bb2.inc(56) 27 Mb
--- ....../../base/output/printout/printinc/hgn_cy.inc(51) 27 Mb
--- ...../../base/output/printout/printinc/prt4-bb2.inc(59) 27 Mb
--- ....../../base/output/printout/printinc/hsto_at.inc(100) 27 Mb
--- ...../../base/output/printout/printinc/prt4-bb2.inc(60) 27 Mb
--- ....../../base/output/printout/printinc/hsto2_at.inc(44) 27 Mb
--- ...../../base/output/printout/printinc/prt4-bb2.inc(63) 27 Mb
--- ....../../base/output/printout/printinc/ex_ry.inc(43) 27 Mb
--- ...../../base/output/printout/printinc/prt4-bb2.inc(64) 27 Mb
--- ....../../base/output/printout/printinc/exk_ry.inc(46) 27 Mb
--- ...../../base/output/printout/printinc/prt4-bb2.inc(65) 27 Mb
--- ....../../base/output/printout/printinc/xbottle.inc(81) 27 Mb
--- ...../../base/output/printout/printinc/prt4-bb2.inc(68) 27 Mb
--- ....../../base/output/printout/printinc/ehf_gcy.inc(61) 27 Mb
--- ...../../base/output/printout/printinc/prt4-bb2.inc(69) 27 Mb
--- ....../../base/output/printout/printinc/ehf_gry.inc(66) 27 Mb
--- ...../../base/output/printout/printinc/prt4-bb2.inc(70) 27 Mb
--- ....../../base/output/printout/printinc/ehf_gay.inc(92) 27 Mb
--- ...../../base/output/printout/printinc/prt4-bb2.inc(71) 27 Mb
--- ....../../base/output/printout/printinc/ehf_fcy.inc(57) 27 Mb
--- ...../../base/output/printout/printinc/prt4-bb2.inc(72) 27 Mb
--- ....../../base/output/printout/printinc/f_fcy.inc(190) 27 Mb
--- ...../../base/output/printout/printinc/prt4-bb2.inc(74) 27 Mb
--- ....../../base/output/printout/printinc/hyrs_as.inc(40) 27 Mb
--- ...../../base/output/printout/printinc/prt4-bb2.inc(78) 27 Mb
--- ....../../base/output/printout/printinc/ep_ry.inc(117) 27 Mb
--- ...../../base/output/printout/printinc/prt4-bb2.inc(79) 27 Mb
--- ....../../base/output/printout/printinc/ep_rt.inc(51) 27 Mb
--- ...../../base/output/printout/printinc/prt4-bb2.inc(80) 27 Mb
--- ....../../base/output/printout/printinc/epnxt_rt.inc(106) 27 Mb
--- ...../../base/output/printout/printinc/prt4-bb2.inc(82) 27 Mb
--- ....../../base/output/printout/printinc/hp_ay.inc(138) 27 Mb
--- ...../../base/output/printout/printinc/prt4-bb2.inc(87) 27 Mb
--- ....../../base/output/printout/printinc/mco2_cy.inc(66) 27 Mb
--- ...../../base/output/printout/printinc/prt4-bb2.inc(88) 27 Mb
--- ....../../base/output/printout/printinc/mso2_cy.inc(49) 27 Mb
--- ...../../base/output/printout/printinc/prt4-bb2.inc(89) 27 Mb
--- ....../../base/output/printout/printinc/mnox_cy.inc(51) 27 Mb
--- ...../../base/output/printout/printinc/prt4-bb2.inc(100) 27 Mb
--- ..bb123.sim(735) 27 Mb
--- ...../../base/addons/Hydrogen/H2geninput.inc(9) 27 Mb
--- ..bb123.sim(783) 27 Mb
--- .Balmorel.gms(3556) 27 Mb
--- ..bb123.sim(191) 27 Mb
--- ...../../base/addons/combtech/combSIM.inc(20) 28 Mb
--- ..bb123.sim(494) 28 Mb
--- ...../../base/addons/Hydrogen/H2AnnualUpdate.inc(8) 28 Mb
--- ..bb123.sim(536) 28 Mb
--- ...../../base/logerror/logerinc/error3.inc(112) 28 Mb
--- ..bb123.sim(635) 28 Mb
--- ...../../base/logerror/logerinc/balbase2.mss(92) 28 Mb
--- ..bb123.sim(692) 28 Mb
--- ...../../base/addons/Hydrogen/H2Sim.inc(5) 28 Mb
--- ..bb123.sim(696) 28 Mb
--- ...../../base/logerror/logerinc/error4.inc(274) 28 Mb
--- ..bb123.sim(700) 28 Mb
--- ...../../base/output/printout/printinc/prt3-bb1.inc(22) 28 Mb
--- ....../../base/output/printout/printinc/prt3-bb2.inc(784) 28 Mb
--- ...../../base/output/printout/printinc/prt3-bb1.inc(24) 28 Mb
--- ..bb123.sim(710) 28 Mb
--- ...../../base/output/printout/printinc/prt4-bb2.inc(32) 28 Mb
--- ....../../base/output/printout/printinc/bal_1.inc(59) 28 Mb
--- ...../../base/output/printout/printinc/prt4-bb2.inc(40) 28 Mb
--- ....../../base/output/printout/printinc/eg_cy.inc(72) 28 Mb
--- ...../../base/output/printout/printinc/prt4-bb2.inc(42) 28 Mb
--- ....../../base/output/printout/printinc/ego_cy.inc(66) 28 Mb
--- ...../../base/output/printout/printinc/prt4-bb2.inc(43) 28 Mb
--- ....../../base/output/printout/printinc/egn_cy.inc(85) 28 Mb
--- ...../../base/output/printout/printinc/prt4-bb2.inc(44) 28 Mb
--- ....../../base/output/printout/printinc/ezgo_cy.inc(43) 28 Mb
--- ...../../base/output/printout/printinc/prt4-bb2.inc(45) 28 Mb
--- ....../../base/output/printout/printinc/ezgn_cy.inc(46) 28 Mb
--- ...../../base/output/printout/printinc/prt4-bb2.inc(46) 28 Mb
--- ....../../base/output/printout/printinc/eg_gat.inc(104) 28 Mb
--- ...../../base/output/printout/printinc/prt4-bb2.inc(49) 28 Mb
--- ....../../base/output/printout/printinc/esto_at.inc(96) 28 Mb
--- ...../../base/output/printout/printinc/prt4-bb2.inc(50) 28 Mb
--- ....../../base/output/printout/printinc/esto2_at.inc(46) 28 Mb
--- ...../../base/output/printout/printinc/prt4-bb2.inc(54) 28 Mb
--- ....../../base/output/printout/printinc/hg_cy.inc(90) 28 Mb
--- ...../../base/output/printout/printinc/prt4-bb2.inc(55) 28 Mb
--- ....../../base/output/printout/printinc/hgo_cy.inc(51) 28 Mb
--- ...../../base/output/printout/printinc/prt4-bb2.inc(56) 28 Mb
--- ....../../base/output/printout/printinc/hgn_cy.inc(51) 28 Mb
--- ...../../base/output/printout/printinc/prt4-bb2.inc(59) 28 Mb
--- ....../../base/output/printout/printinc/hsto_at.inc(100) 28 Mb
--- ...../../base/output/printout/printinc/prt4-bb2.inc(60) 28 Mb
--- ....../../base/output/printout/printinc/hsto2_at.inc(44) 28 Mb
--- ...../../base/output/printout/printinc/prt4-bb2.inc(63) 28 Mb
--- ....../../base/output/printout/printinc/ex_ry.inc(43) 28 Mb
--- ...../../base/output/printout/printinc/prt4-bb2.inc(64) 28 Mb
--- ....../../base/output/printout/printinc/exk_ry.inc(46) 28 Mb
--- ...../../base/output/printout/printinc/prt4-bb2.inc(65) 28 Mb
--- ....../../base/output/printout/printinc/xbottle.inc(81) 28 Mb
--- ...../../base/output/printout/printinc/prt4-bb2.inc(68) 28 Mb
--- ....../../base/output/printout/printinc/ehf_gcy.inc(61) 28 Mb
--- ...../../base/output/printout/printinc/prt4-bb2.inc(69) 28 Mb
--- ....../../base/output/printout/printinc/ehf_gry.inc(66) 28 Mb
--- ...../../base/output/printout/printinc/prt4-bb2.inc(70) 28 Mb
--- ....../../base/output/printout/printinc/ehf_gay.inc(92) 28 Mb
--- ...../../base/output/printout/printinc/prt4-bb2.inc(71) 28 Mb
--- ....../../base/output/printout/printinc/ehf_fcy.inc(57) 28 Mb
--- ...../../base/output/printout/printinc/prt4-bb2.inc(72) 28 Mb
--- ....../../base/output/printout/printinc/f_fcy.inc(190) 28 Mb
--- ...../../base/output/printout/printinc/prt4-bb2.inc(74) 28 Mb
--- ....../../base/output/printout/printinc/hyrs_as.inc(40) 28 Mb
--- ...../../base/output/printout/printinc/prt4-bb2.inc(78) 28 Mb
--- ....../../base/output/printout/printinc/ep_ry.inc(117) 28 Mb
--- ...../../base/output/printout/printinc/prt4-bb2.inc(79) 28 Mb
--- ....../../base/output/printout/printinc/ep_rt.inc(51) 28 Mb
--- ...../../base/output/printout/printinc/prt4-bb2.inc(80) 28 Mb
--- ....../../base/output/printout/printinc/epnxt_rt.inc(106) 28 Mb
--- ...../../base/output/printout/printinc/prt4-bb2.inc(82) 28 Mb
--- ....../../base/output/printout/printinc/hp_ay.inc(138) 28 Mb
--- ...../../base/output/printout/printinc/prt4-bb2.inc(87) 28 Mb
--- ....../../base/output/printout/printinc/mco2_cy.inc(66) 28 Mb
--- ...../../base/output/printout/printinc/prt4-bb2.inc(88) 28 Mb
--- ....../../base/output/printout/printinc/mso2_cy.inc(49) 28 Mb
--- ...../../base/output/printout/printinc/prt4-bb2.inc(89) 28 Mb
--- ....../../base/output/printout/printinc/mnox_cy.inc(51) 28 Mb
--- ...../../base/output/printout/printinc/prt4-bb2.inc(100) 28 Mb
--- ..bb123.sim(735) 28 Mb
--- ...../../base/addons/Hydrogen/H2geninput.inc(9) 28 Mb
--- ..bb123.sim(783) 28 Mb
--- .Balmorel.gms(3637) 28 Mb
--- ..../output/inputout/OutputFile.inc(16) 28 Mb
--- ...../../base/data/TECHTYPE.inc(70) 28 Mb
--- ..../output/inputout/OutputFile.inc(21) 28 Mb
--- ...../../base/data/GTECHTYPE.inc(1283) 28 Mb
--- ..../output/inputout/OutputFile.inc(221) 28 Mb
--- .Balmorel.gms(3642) 28 Mb
--- Balmorel Scenarios.gms(20) 28 Mb
--- .../SensitivityAnalysis/scenarios.inc(21) 28 Mb
--- Balmorel Scenarios.gms(25) 28 Mb
--- .../SensitivityAnalysis/scenarios_parameters_GUSS.inc(139) 28 Mb
--- ..../SensitivityAnalysis/XMAXINV_Original.inc(349) 28 Mb
--- .../SensitivityAnalysis/scenarios_parameters_GUSS.inc(155) 28 Mb
--- ..../../base/SensitivityAnalysis/GDATA_Original.inc(1311) 28 Mb
--- .../SensitivityAnalysis/scenarios_parameters_GUSS.inc(172) 28 Mb
--- ..../../base/SensitivityAnalysis/WNDFLH_Original.inc(121) 29 Mb
--- .../SensitivityAnalysis/scenarios_parameters_GUSS.inc(184) 29 Mb
--- ..../SensitivityAnalysis/SOLEFLH_Original.inc(178) 29 Mb
--- .../SensitivityAnalysis/scenarios_parameters_GUSS.inc(188) 29 Mb
--- ..../SensitivityAnalysis/SOLHFLH_Original.inc(29) 29 Mb
--- .../SensitivityAnalysis/scenarios_parameters_GUSS.inc(206) 29 Mb
--- ..../SensitivityAnalysis/WTRRRFLH_Original.inc(502) 29 Mb
--- .../SensitivityAnalysis/scenarios_parameters_GUSS.inc(210) 29 Mb
--- ..../SensitivityAnalysis/WTRRSFLH_Original.inc(501) 29 Mb
--- .../SensitivityAnalysis/scenarios_parameters_GUSS.inc(245) 29 Mb
--- Balmorel Scenarios.gms(29) 29 Mb
--- .../SensitivityAnalysis/Bounds.inc(6) 29 Mb
--- Balmorel Scenarios.gms(142) 29 Mb 1 Error
*** The following parameters were remapped into variables
    IGKFX_Y
    IGKFXYMAX
    WNDFLH
    SOLEFLH
    SOLHFLH
    WTRRRFLH
    WTRRSFLH
    IHYINF_S
    IFUELP_Y
    IXKRATE
    IXMAXINV_Y
    GINVCOST
*** The resulting model is invalid.
*** Error  52 in C:\Users\aroal\Desktop\Balmorel 160824\Wind 2050 - flex H2\model\Balmorel Scenarios.gms
    Endogenous $-control operations not allowed
--- Balmorel Scenarios.gms(142) 29 Mb 1 Error
*** Status: Compilation error(s)
--- Job Balmorel Scenarios.gms Stop 09/08/16 00:24:57 elapsed 0:00:03.830
Exit code = 2
